# JRE version: Java(TM) SE Runtime Environment (8.0_241-b07) (build 1.8.0_241-b07)
# Java VM: Java HotSpot(TM) 64-Bit Server VM (25.241-b07 mixed mode windows-amd64 compressed oops)
Heap:
 PSYoungGen      total 381952K, used 143741K [0x0000000780000000, 0x0000000799800000, 0x00000007c0000000)
  eden space 372736K, 36% used [0x0000000780000000,0x00000007883964f0,0x0000000796c00000)
  from space 9216K, 97% used [0x0000000798f00000,0x00000007997c9068,0x0000000799800000)
  to   space 22528K, 0% used [0x0000000796c00000,0x0000000796c00000,0x0000000798200000)
 ParOldGen       total 456192K, used 30193K [0x0000000700000000, 0x000000071bd80000, 0x0000000780000000)
  object space 456192K, 6% used [0x0000000700000000,0x0000000701d7c718,0x000000071bd80000)
 Metaspace       used 65352K, capacity 69186K, committed 69504K, reserved 1110016K
  class space    used 9077K, capacity 9761K, committed 9856K, reserved 1048576K
GC Heap History (10 events):
Event: 13.244 GC heap before
{Heap before GC invocations=7 (full 2):
 PSYoungGen      total 224768K, used 203264K [0x0000000780000000, 0x0000000790080000, 0x00000007c0000000)
  eden space 203264K, 100% used [0x0000000780000000,0x000000078c680000,0x000000078c680000)
  from space 21504K, 0% used [0x000000078db80000,0x000000078db80000,0x000000078f080000)
  to   space 21504K, 0% used [0x000000078c680000,0x000000078c680000,0x000000078db80000)
 ParOldGen       total 321536K, used 15221K [0x0000000700000000, 0x0000000713a00000, 0x0000000780000000)
  object space 321536K, 4% used [0x0000000700000000,0x0000000700edd638,0x0000000713a00000)
 Metaspace       used 44728K, capacity 46814K, committed 46976K, reserved 1089536K
  class space    used 6257K, capacity 6705K, committed 6784K, reserved 1048576K
Event: 13.269 GC heap after
Heap after GC invocations=7 (full 2):
 PSYoungGen      total 224768K, used 14040K [0x0000000780000000, 0x0000000793880000, 0x00000007c0000000)
  eden space 203264K, 0% used [0x0000000780000000,0x0000000780000000,0x000000078c680000)
  from space 21504K, 65% used [0x000000078c680000,0x000000078d4360f0,0x000000078db80000)
  to   space 17408K, 0% used [0x0000000792780000,0x0000000792780000,0x0000000793880000)
 ParOldGen       total 321536K, used 15229K [0x0000000700000000, 0x0000000713a00000, 0x0000000780000000)
  object space 321536K, 4% used [0x0000000700000000,0x0000000700edf638,0x0000000713a00000)
 Metaspace       used 44728K, capacity 46814K, committed 46976K, reserved 1089536K
  class space    used 6257K, capacity 6705K, committed 6784K, reserved 1048576K
}
Event: 17.272 GC heap before
{Heap before GC invocations=8 (full 2):
 PSYoungGen      total 224768K, used 217304K [0x0000000780000000, 0x0000000793880000, 0x00000007c0000000)
  eden space 203264K, 100% used [0x0000000780000000,0x000000078c680000,0x000000078c680000)
  from space 21504K, 65% used [0x000000078c680000,0x000000078d4360f0,0x000000078db80000)
  to   space 17408K, 0% used [0x0000000792780000,0x0000000792780000,0x0000000793880000)
 ParOldGen       total 321536K, used 15229K [0x0000000700000000, 0x0000000713a00000, 0x0000000780000000)
  object space 321536K, 4% used [0x0000000700000000,0x0000000700edf638,0x0000000713a00000)
 Metaspace       used 54364K, capacity 57202K, committed 57344K, reserved 1097728K
  class space    used 7600K, capacity 8163K, committed 8192K, reserved 1048576K
Event: 17.293 GC heap after
Heap after GC invocations=8 (full 2):
 PSYoungGen      total 295936K, used 17397K [0x0000000780000000, 0x0000000793b00000, 0x00000007c0000000)
  eden space 278528K, 0% used [0x0000000780000000,0x0000000780000000,0x0000000791000000)
  from space 17408K, 99% used [0x0000000792780000,0x000000079387d510,0x0000000793880000)
  to   space 22016K, 0% used [0x0000000791000000,0x0000000791000000,0x0000000792580000)
 ParOldGen       total 321536K, used 18835K [0x0000000700000000, 0x0000000713a00000, 0x0000000780000000)
  object space 321536K, 5% used [0x0000000700000000,0x0000000701264ce8,0x0000000713a00000)
 Metaspace       used 54364K, capacity 57202K, committed 57344K, reserved 1097728K
  class space    used 7600K, capacity 8163K, committed 8192K, reserved 1048576K
}
Event: 18.712 GC heap before
{Heap before GC invocations=9 (full 2):
 PSYoungGen      total 295936K, used 128152K [0x0000000780000000, 0x0000000793b00000, 0x00000007c0000000)
  eden space 278528K, 39% used [0x0000000780000000,0x0000000786c28eb0,0x0000000791000000)
  from space 17408K, 99% used [0x0000000792780000,0x000000079387d510,0x0000000793880000)
  to   space 22016K, 0% used [0x0000000791000000,0x0000000791000000,0x0000000792580000)
 ParOldGen       total 321536K, used 18835K [0x0000000700000000, 0x0000000713a00000, 0x0000000780000000)
  object space 321536K, 5% used [0x0000000700000000,0x0000000701264ce8,0x0000000713a00000)
 Metaspace       used 56043K, capacity 58972K, committed 59008K, reserved 1099776K
  class space    used 7754K, capacity 8320K, committed 8320K, reserved 1048576K
Event: 18.728 GC heap after
Heap after GC invocations=9 (full 2):
 PSYoungGen      total 300544K, used 16668K [0x0000000780000000, 0x000000079a500000, 0x00000007c0000000)
  eden space 278528K, 0% used [0x0000000780000000,0x0000000780000000,0x0000000791000000)
  from space 22016K, 75% used [0x0000000791000000,0x0000000792047160,0x0000000792580000)
  to   space 22528K, 0% used [0x0000000798f00000,0x0000000798f00000,0x000000079a500000)
 ParOldGen       total 321536K, used 18907K [0x0000000700000000, 0x0000000713a00000, 0x0000000780000000)
  object space 321536K, 5% used [0x0000000700000000,0x0000000701276cf8,0x0000000713a00000)
 Metaspace       used 56043K, capacity 58972K, committed 59008K, reserved 1099776K
  class space    used 7754K, capacity 8320K, committed 8320K, reserved 1048576K
}
Event: 18.728 GC heap before
{Heap before GC invocations=10 (full 3):
 PSYoungGen      total 300544K, used 16668K [0x0000000780000000, 0x000000079a500000, 0x00000007c0000000)
  eden space 278528K, 0% used [0x0000000780000000,0x0000000780000000,0x0000000791000000)
  from space 22016K, 75% used [0x0000000791000000,0x0000000792047160,0x0000000792580000)
  to   space 22528K, 0% used [0x0000000798f00000,0x0000000798f00000,0x000000079a500000)
 ParOldGen       total 321536K, used 18907K [0x0000000700000000, 0x0000000713a00000, 0x0000000780000000)
  object space 321536K, 5% used [0x0000000700000000,0x0000000701276cf8,0x0000000713a00000)
 Metaspace       used 56043K, capacity 58972K, committed 59008K, reserved 1099776K
  class space    used 7754K, capacity 8320K, committed 8320K, reserved 1048576K
Event: 18.916 GC heap after
Heap after GC invocations=10 (full 3):
 PSYoungGen      total 300544K, used 0K [0x0000000780000000, 0x000000079a500000, 0x00000007c0000000)
  eden space 278528K, 0% used [0x0000000780000000,0x0000000780000000,0x0000000791000000)
  from space 22016K, 0% used [0x0000000791000000,0x0000000791000000,0x0000000792580000)
  to   space 22528K, 0% used [0x0000000798f00000,0x0000000798f00000,0x000000079a500000)
 ParOldGen       total 456192K, used 30185K [0x0000000700000000, 0x000000071bd80000, 0x0000000780000000)
  object space 456192K, 6% used [0x0000000700000000,0x0000000701d7a718,0x000000071bd80000)
 Metaspace       used 56043K, capacity 58972K, committed 59008K, reserved 1099776K
  class space    used 7754K, capacity 8320K, committed 8320K, reserved 1048576K
}
Event: 21.123 GC heap before
{Heap before GC invocations=11 (full 3):
 PSYoungGen      total 300544K, used 278528K [0x0000000780000000, 0x000000079a500000, 0x00000007c0000000)
  eden space 278528K, 100% used [0x0000000780000000,0x0000000791000000,0x0000000791000000)
  from space 22016K, 0% used [0x0000000791000000,0x0000000791000000,0x0000000792580000)
  to   space 22528K, 0% used [0x0000000798f00000,0x0000000798f00000,0x000000079a500000)
 ParOldGen       total 456192K, used 30185K [0x0000000700000000, 0x000000071bd80000, 0x0000000780000000)
  object space 456192K, 6% used [0x0000000700000000,0x0000000701d7a718,0x000000071bd80000)
 Metaspace       used 62352K, capacity 65824K, committed 65920K, reserved 1105920K
  class space    used 8665K, capacity 9306K, committed 9344K, reserved 1048576K
Event: 21.137 GC heap after
Heap after GC invocations=11 (full 3):
 PSYoungGen      total 381952K, used 8996K [0x0000000780000000, 0x0000000799800000, 0x00000007c0000000)
  eden space 372736K, 0% used [0x0000000780000000,0x0000000780000000,0x0000000796c00000)
  from space 9216K, 97% used [0x0000000798f00000,0x00000007997c9068,0x0000000799800000)
  to   space 22528K, 0% used [0x0000000796c00000,0x0000000796c00000,0x0000000798200000)
 ParOldGen       total 456192K, used 30193K [0x0000000700000000, 0x000000071bd80000, 0x0000000780000000)
  object space 456192K, 6% used [0x0000000700000000,0x0000000701d7c718,0x000000071bd80000)
 Metaspace       used 62352K, capacity 65824K, committed 65920K, reserved 1105920K
  class space    used 8665K, capacity 9306K, committed 9344K, reserved 1048576K
}

